[debug] [2024-01-25T09:21:27.173Z] ----------------------------------------------------------------------
[debug] [2024-01-25T09:21:27.175Z] Command:       /home/david-parvez/.nvm/versions/node/v21.4.0/bin/node /home/david-parvez/.nvm/versions/node/v21.4.0/bin/firebase init
[debug] [2024-01-25T09:21:27.176Z] CLI Version:   13.1.0
[debug] [2024-01-25T09:21:27.176Z] Platform:      linux
[debug] [2024-01-25T09:21:27.176Z] Node Version:  v21.4.0
[debug] [2024-01-25T09:21:27.177Z] Time:          Thu Jan 25 2024 15:21:27 GMT+0600 (Bangladesh Standard Time)
[debug] [2024-01-25T09:21:27.177Z] ----------------------------------------------------------------------
[debug] 
[debug] [2024-01-25T09:21:27.251Z] > command requires scopes: ["email","openid","https://www.googleapis.com/auth/cloudplatformprojects.readonly","https://www.googleapis.com/auth/firebase","https://www.googleapis.com/auth/cloud-platform"]
[debug] [2024-01-25T09:21:27.253Z] > authorizing via signed-in user (aurthohinparvez2@gmail.com)
[info] 
     ######## #### ########  ######## ########     ###     ######  ########
     ##        ##  ##     ## ##       ##     ##  ##   ##  ##       ##
     ######    ##  ########  ######   ########  #########  ######  ######
     ##        ##  ##    ##  ##       ##     ## ##     ##       ## ##
     ##       #### ##     ## ######## ########  ##     ##  ######  ########

You're about to initialize a Firebase project in this directory:

  /home/david-parvez/React/ecomerce

Before we get started, keep in mind:

  * You are initializing within an existing Firebase project directory

[info] 
=== Project Setup
[info] 
[info] First, let's associate this project directory with a Firebase project.
[info] You can create multiple project aliases by running firebase use --add, 
[info] but for now we'll just set up a default project.
[info] 
[debug] [2024-01-25T09:21:37.556Z] Using project from CLI flag: abccomerce-c9463
[debug] [2024-01-25T09:21:37.561Z] >>> [apiv2][query] GET https://firebase.googleapis.com/v1beta1/projects/abccomerce-c9463 [none]
[debug] [2024-01-25T09:21:39.284Z] <<< [apiv2][status] GET https://firebase.googleapis.com/v1beta1/projects/abccomerce-c9463 200
[debug] [2024-01-25T09:21:39.284Z] <<< [apiv2][body] GET https://firebase.googleapis.com/v1beta1/projects/abccomerce-c9463 {"projectId":"abccomerce-c9463","projectNumber":"822361210058","displayName":"abcComerce","name":"projects/abccomerce-c9463","resources":{"hostingSite":"abccomerce-c9463"},"state":"ACTIVE","etag":"1_2797e7ed-96f1-4f68-942d-986b0ed28143"}
[info] i  Using project abccomerce-c9463 (abcComerce) 
[info] 
=== Hosting Setup
[debug] [2024-01-25T09:21:39.294Z] >>> [apiv2][query] GET https://firebase.googleapis.com/v1beta1/projects/abccomerce-c9463 [none]
[debug] [2024-01-25T09:21:40.691Z] <<< [apiv2][status] GET https://firebase.googleapis.com/v1beta1/projects/abccomerce-c9463 200
[debug] [2024-01-25T09:21:40.691Z] <<< [apiv2][body] GET https://firebase.googleapis.com/v1beta1/projects/abccomerce-c9463 {"projectId":"abccomerce-c9463","projectNumber":"822361210058","displayName":"abcComerce","name":"projects/abccomerce-c9463","resources":{"hostingSite":"abccomerce-c9463"},"state":"ACTIVE","etag":"1_2797e7ed-96f1-4f68-942d-986b0ed28143"}
[info] 
[info] Your public directory is the folder (relative to your project directory) that
[info] will contain Hosting assets to be uploaded with firebase deploy. If you
[info] have a build process for your assets, use your build's output directory.
[info] 
